app/build/outputs/mapping/release/mapping.txt
# compiler: R8
# compiler_version: 8.5.10
# min_api: 23
# common_typos_disable
# {"id":"com.android.tools.r8.mapping","version":"2.2"}
# pg_map_id: b329807
# pg_map_hash: SHA-256 b329807adac1988a2833c265d3eb9d61915d98989581bf1f939a39bc3ca139c1
com.ivanbeltrame.www.twa.Application -> com.ivanbeltrame.www.twa.Application:
# {"id":"sourceFile","fileName":"Application.java"}
com.ivanbeltrame.www.twa.DelegationService -> com.ivanbeltrame.www.twa.DelegationService:
# {"id":"sourceFile","fileName":"DelegationService.java"}
com.ivanbeltrame.www.twa.LauncherActivity -> com.ivanbeltrame.www.twa.LauncherActivity:
# {"id":"sourceFile","fileName":"LauncherActivity.java"}
    1:1:android.net.Uri getLaunchingUrl():0:0 -> h
...
androidx.browser.customtabs.CustomTabsClient$2$3 -> e.c$a$c:
# {"id":"sourceFile","fileName":"CustomTabsClient.java"}
    android.os.Bundle val$extras -> a
    androidx.browser.customtabs.CustomTabsClient$2 this$1 -> b
      # {"id":"com.android.tools.r8.residualsignature","signature":"Le/c$a;"}
    1:8:void <init>(androidx.browser.customtabs.CustomTabsClient$2,android.os.Bundle):0:0 -> <init>
      # {"id":"com.android.tools.r8.residualsignature","signature":"(Le/c$a;Landroid/os/Bundle;)V"}
    1:10:void run():0:0 -> run
androidx.browser.customtabs.CustomTabsClient$2$4 -> e.c$a$d:
# {"id":"sourceFile","fileName":"CustomTabsClient.java"}
    java.lang.String val$message -> a
    android.os.Bundle val$extras -> b
    androidx.browser.customtabs.CustomTabsClient$2 this$1 -> c
      # {"id":"com.android.tools.r8.residualsignature","signature":"Le/c$a;"}
    1:10:void <init>(androidx.browser.customtabs.CustomTabsClient$2,java.lang.String,android.os.Bundle):0:0 -> <init>
      # {"id":"com.android.tools.r8.residualsignature","signature":"(Le/c$a;Ljava/lang/String;Landroid/os/Bundle;)V"}
    1:12:void run():0:0 -> run
androidx.browser.customtabs.CustomTabsClient$2$5 -> e.c$a$e:
# {"id":"sourceFile","fileName":"CustomTabsClient.java"}
    int val$relation -> a
    android.net.Uri val$requestedOrigin -> b
    boolean val$result -> c
    android.os.Bundle val$extras -> d
    androidx.browser.customtabs.CustomTabsClient$2 this$1 -> e
      # {"id":"com.android.tools.r8.residualsignature","signature":"Le/c$a;"}
    1:14:void <init>(androidx.browser.customtabs.CustomTabsClient$2,int,android.net.Uri,boolean,android.os.Bundle):0:0 -> <init>
      # {"id":"com.android.tools.r8.residualsignature","signature":"(Le/c$a;ILandroid/net/Uri;ZLandroid/os/Bundle;)V"}
    1:16:void run():0:0 -> run
androidx.browser.customtabs.CustomTabsIntent -> e.d:
# {"id":"sourceFile","fileName":"CustomTabsIntent.java"}
    android.content.Intent intent -> a
    android.os.Bundle startAnimationBundle -> b
    1:8:void <init>(android.content.Intent,android.os.Bundle):0:0 -> <init>
    8:72:androidx.browser.customtabs.CustomTabColorSchemeParams getColorSchemeParams(android.content.Intent,int):0:0 -> a
      # {"id":"com.android.tools.r8.residualsignature","signature":"(Landroid/content/Intent;I)Le/a;"}
    1:13:void launchUrl(android.content.Context,android.net.Uri):0:0 -> b
androidx.browser.customtabs.CustomTabsIntent$Builder -> e.d$a:
# {"id":"sourceFile","fileName":"CustomTabsIntent.java"}
    android.content.Intent mIntent -> a
    androidx.browser.customtabs.CustomTabColorSchemeParams$Builder mDefaultColorSchemeBuilder -> b
      # {"id":"com.android.tools.r8.residualsignature","signature":"Le/a$a;"}
    java.util.ArrayList mMenuItems -> c
    android.os.Bundle mStartAnimationBundle -> d
    java.util.ArrayList mActionButtons -> e
    android.util.SparseArray mColorSchemeParamBundles -> f
    android.os.Bundle mDefaultColorSchemeBundle -> g
    int mShareState -> h
    boolean mInstantAppsEnabled -> i
    1:26:void <init>():0:0 -> <init>
    1:109:androidx.browser.customtabs.CustomTabsIntent build():0:0 -> a
      # {"id":"com.android.tools.r8.residualsignature","signature":"()Le/d;"}
    6:21:androidx.browser.customtabs.CustomTabsIntent$Builder setColorScheme(int):0:0 -> b
      # {"id":"com.android.tools.r8.residualsignature","signature":"(I)Le/d$a;"}
    8:51:androidx.browser.customtabs.CustomTabsIntent$Builder setColorSchemeParams(int,androidx.browser.customtabs.CustomTabColorSchemeParams):0:0 -> c
      # {"id":"com.android.tools.r8.residualsignature","signature":"(ILe/a;)Le/d$a;"}
    1:6:androidx.browser.customtabs.CustomTabsIntent$Builder setNavigationBarColor(int):0:0 -> d
      # {"id":"com.android.tools.r8.residualsignature","signature":"(I)Le/d$a;"}